  [1m[36m (45.6ms)[0m  [1mCREATE TABLE "schema_migrations" ("version" varchar NOT NULL) [0m
  [1m[35m (0.1ms)[0m  select sqlite_version(*)
  [1m[36m (45.3ms)[0m  [1mCREATE UNIQUE INDEX "unique_schema_migrations" ON "schema_migrations" ("version")[0m
  [1m[35mActiveRecord::SchemaMigration Load (0.1ms)[0m  SELECT "schema_migrations".* FROM "schema_migrations"
Migrating to CreateDelayedJobs (20151018081726)
  [1m[36m (0.2ms)[0m  [1mbegin transaction[0m
  [1m[35m (0.4ms)[0m  CREATE TABLE "delayed_jobs" ("id" INTEGER PRIMARY KEY AUTOINCREMENT NOT NULL, "priority" integer DEFAULT 0 NOT NULL, "attempts" integer DEFAULT 0 NOT NULL, "handler" text NOT NULL, "last_error" text, "run_at" datetime, "locked_at" datetime, "failed_at" datetime, "locked_by" varchar, "queue" varchar, "created_at" datetime, "updated_at" datetime) 
  [1m[36m (0.2ms)[0m  [1mCREATE  INDEX "delayed_jobs_priority" ON "delayed_jobs" ("priority", "run_at")[0m
  [1m[35mSQL (0.2ms)[0m  INSERT INTO "schema_migrations" ("version") VALUES (?)  [["version", "20151018081726"]]
  [1m[36m (41.0ms)[0m  [1mcommit transaction[0m
Migrating to CreateRaindropsDownloads (20151018085430)
  [1m[35m (0.1ms)[0m  begin transaction
  [1m[36m (0.3ms)[0m  [1mCREATE TABLE "raindrops_downloads" ("id" INTEGER PRIMARY KEY AUTOINCREMENT NOT NULL, "source_url" varchar(255) NOT NULL, "destination_path" varchar(255) NOT NULL, "file_total_size" integer, "file_downloaded_size" integer, "completed" boolean DEFAULT 'f', "created_at" datetime NOT NULL, "updated_at" datetime NOT NULL) [0m
  [1m[35mSQL (0.1ms)[0m  INSERT INTO "schema_migrations" ("version") VALUES (?)  [["version", "20151018085430"]]
  [1m[36m (37.8ms)[0m  [1mcommit transaction[0m
  [1m[35mActiveRecord::SchemaMigration Load (0.1ms)[0m  SELECT "schema_migrations".* FROM "schema_migrations"
  [1m[36m (0.1ms)[0m  [1m            SELECT sql
            FROM sqlite_master
            WHERE name='delayed_jobs_priority' AND type='index'
            UNION ALL
            SELECT sql
            FROM sqlite_temp_master
            WHERE name='delayed_jobs_priority' AND type='index'
[0m
